{
  "RSpec": {
    "coverage": {
      "/Users/philsmy/development/testing/contractometer/app/helpers/application_helper.rb": [
        1,
        null
      ],
      "/Users/philsmy/development/testing/contractometer/app/helpers/time_trackers_helper.rb": [
        1,
        1,
        0,
        null,
        0,
        null,
        null
      ],
      "/Users/philsmy/development/testing/contractometer/app/models/time_tracker.rb": [
        1,
        1,
        null,
        1,
        null,
        1,
        1,
        0,
        null,
        null,
        1,
        0,
        null,
        null,
        1,
        0,
        0,
        null,
        0,
        null,
        null,
        null
      ],
      "/Users/philsmy/development/testing/contractometer/app/models/application_record.rb": [
        1,
        1,
        null
      ],
      "/Users/philsmy/development/testing/contractometer/app/mailers/application_mailer.rb": [
        0,
        0,
        0,
        0
      ],
      "/Users/philsmy/development/testing/contractometer/app/jobs/application_job.rb": [
        0,
        null,
        null,
        null,
        null,
        null,
        0
      ],
      "/Users/philsmy/development/testing/contractometer/app/controllers/application_controller.rb": [
        0,
        0
      ],
      "/Users/philsmy/development/testing/contractometer/app/controllers/time_trackers_controller.rb": [
        0,
        0,
        null,
        null,
        0,
        0,
        0,
        null,
        0,
        null,
        0,
        null,
        0,
        0,
        null,
        null,
        0,
        null,
        null,
        0,
        0,
        0,
        null,
        null,
        0,
        null,
        null,
        0,
        0,
        null,
        0,
        0,
        0,
        0,
        0,
        0,
        0,
        0,
        0,
        0,
        null,
        null,
        0,
        0,
        0,
        0,
        0,
        0,
        0,
        0,
        0,
        0,
        0,
        null,
        null,
        0,
        0,
        0,
        0,
        0,
        0,
        0,
        null,
        0,
        null,
        null,
        0,
        0,
        0,
        null,
        null,
        0,
        0,
        0,
        0
      ],
      "/Users/philsmy/development/testing/contractometer/app/channels/application_cable/connection.rb": [
        0,
        0,
        0,
        0
      ],
      "/Users/philsmy/development/testing/contractometer/app/channels/application_cable/channel.rb": [
        0,
        0,
        0,
        0
      ]
    },
    "timestamp": 1630155617
  }
}
